<?xml version="1.0" encoding="UTF-8"?>
<!-- Generated by org.testng.reporters.JUnitReportReporter -->
<testsuite hostname="Gulshan" failures="0" tests="1" name="hms.admin.testScripts.DeleteSpecializtionTest" time="3.946" errors="0" timestamp="03 Jun 2024 18:39:25 GMT" skipped="0">
  <testcase classname="hms.admin.testScripts.DeleteSpecializtionTest" name="deleteSpecialization" time="3.946"/>
</testsuite> <!-- hms.admin.testScripts.DeleteSpecializtionTest -->
