<?xml version="1.0" encoding="UTF-8"?>
<!-- Generated by org.testng.reporters.JUnitReportReporter -->
<testsuite hostname="Gulshan" failures="0" tests="1" name="hms.admin.testScripts.AddDoctorTest" time="10.295" errors="0" timestamp="04 Jun 2024 05:54:48 GMT" skipped="0">
  <testcase classname="hms.admin.testScripts.AddDoctorTest" name="addDoctors" time="10.295"/>
</testsuite> <!-- hms.admin.testScripts.AddDoctorTest -->
