<?xml version="1.0" encoding="UTF-8"?>
<!-- Generated by org.testng.reporters.JUnitReportReporter -->
<testsuite hostname="Gulshan" failures="0" tests="1" name="hms.admin.testScripts.addDoctor" time="5.716" errors="0" timestamp="03 Jun 2024 09:16:27 GMT" skipped="0">
  <testcase classname="hms.admin.testScripts.addDoctor" name="addDoctors" time="5.716"/>
</testsuite> <!-- hms.admin.testScripts.addDoctor -->
