<?xml version="1.0" encoding="UTF-8"?>
<!-- Generated by org.testng.reporters.JUnitReportReporter -->
<testsuite hostname="Gulshan" failures="0" tests="1" name="hms.admin.testScripts.DeleteDoctorTest" time="9.271" errors="0" timestamp="04 Jun 2024 04:05:15 GMT" skipped="0">
  <testcase classname="hms.admin.testScripts.DeleteDoctorTest" name="deleteDoctor" time="9.271"/>
</testsuite> <!-- hms.admin.testScripts.DeleteDoctorTest -->
