<?xml version="1.0" encoding="UTF-8"?>
<!-- Generated by org.testng.reporters.JUnitReportReporter -->
<testsuite hostname="Gulshan" failures="0" tests="1" name="hms.admin.testScripts.EditDoctorTest" time="10.730" errors="0" timestamp="04 Jun 2024 05:00:53 GMT" skipped="0">
  <testcase classname="hms.admin.testScripts.EditDoctorTest" name="editDoctorDetails" time="10.730"/>
</testsuite> <!-- hms.admin.testScripts.EditDoctorTest -->
