<?xml version="1.0" encoding="UTF-8"?>
<!-- Generated by org.testng.reporters.JUnitReportReporter -->
<testsuite hostname="Gulshan" failures="0" tests="1" name="hms.admin.testScripts.EditSpecializationTest" time="4.849" errors="0" timestamp="03 Jun 2024 18:00:24 GMT" skipped="0">
  <testcase classname="hms.admin.testScripts.EditSpecializationTest" name="editSpecialization" time="4.849"/>
</testsuite> <!-- hms.admin.testScripts.EditSpecializationTest -->
