<?xml version="1.0" encoding="UTF-8"?>
<!-- Generated by org.testng.reporters.JUnitReportReporter -->
<testsuite hostname="Gulshan" failures="0" tests="1" name="hms.admin.testScripts.Add_specialization_and_verifyTest" time="4.060" errors="0" timestamp="03 Jun 2024 18:39:07 GMT" skipped="0">
  <testcase classname="hms.admin.testScripts.Add_specialization_and_verifyTest" name="addSpecialization" time="4.060"/>
</testsuite> <!-- hms.admin.testScripts.Add_specialization_and_verifyTest -->
