<?xml version="1.0" encoding="UTF-8"?>
<!-- Generated by org.testng.reporters.JUnitReportReporter -->
<testsuite hostname="DESKTOP-QJ8EISD" failures="0" tests="1" name="com.HMS.LifeLink.Patient_Medical_History" time="23.679" errors="0" timestamp="03 Jun 2024 10:55:40 GMT" skipped="0">
  <testcase classname="com.HMS.LifeLink.Patient_Medical_History" name="medHist" time="23.679"/>
</testsuite> <!-- com.HMS.LifeLink.Patient_Medical_History -->
