<?xml version="1.0" encoding="UTF-8"?>
<!-- Generated by org.testng.reporters.JUnitReportReporter -->
<testsuite hostname="DESKTOP-QJ8EISD" failures="0" tests="1" name="com.HMS.LifeLink.PatientTest" time="108.915" errors="0" timestamp="04 Jun 2024 09:57:26 GMT" skipped="0">
  <testcase classname="com.HMS.LifeLink.PatientTest" name="Patient_Test" time="108.915"/>
</testsuite> <!-- com.HMS.LifeLink.PatientTest -->
