<?xml version="1.0" encoding="UTF-8"?>
<!-- Generated by org.testng.reporters.JUnitReportReporter -->
<testsuite hostname="DESKTOP-QJ8EISD" failures="0" tests="1" name="com.HMS.LifeLink.practice" time="13.596" errors="0" timestamp="03 Jun 2024 07:33:48 GMT" skipped="0">
  <testcase classname="com.HMS.LifeLink.practice" name="test" time="13.596"/>
</testsuite> <!-- com.HMS.LifeLink.practice -->
