<?xml version="1.0" encoding="UTF-8"?>
<!-- Generated by org.testng.reporters.JUnitReportReporter -->
<testsuite hostname="DESKTOP-QJ8EISD" failures="0" tests="1" name="com.HMS.LifeLink.Patient_Cancel_App" time="26.254" errors="0" timestamp="03 Jun 2024 10:39:32 GMT" skipped="0">
  <testcase classname="com.HMS.LifeLink.Patient_Cancel_App" name="cancelApp" time="26.254"/>
</testsuite> <!-- com.HMS.LifeLink.Patient_Cancel_App -->
